<?xml version="1.0" encoding="UTF-8"?>
<!-- Generated by org.testng.reporters.JUnitXMLReporter -->
<testsuite hostname="DESKTOP-C7FNRE4" ignored="0" name="Test" tests="4" failures="0" timestamp="2020-03-02T19:22:20 IST" time="0.047" errors="0">
  <testcase name="bye" time="0.0" classname="Qaclickacademies.SeleniumTest"/>
  <testcase name="hello" time="0.0" classname="Qaclickacademies.SeleniumTest"/>
  <testcase name="bad" time="0.0" classname="Qaclickacademies.RestAssuredApiTest"/>
  <testcase name="good" time="0.0" classname="Qaclickacademies.RestAssuredApiTest"/>
</testsuite> <!-- Test -->
