<?xml version="1.0" encoding="UTF-8"?>
<testng-results skipped="0" failed="0" ignored="0" total="4" passed="4">
  <reporter-output>
  </reporter-output>
  <suite name="Suite" duration-ms="47" started-at="2020-03-02T19:22:20 IST" finished-at="2020-03-02T19:22:20 IST">
    <groups>
    </groups>
    <test name="Test" duration-ms="47" started-at="2020-03-02T19:22:20 IST" finished-at="2020-03-02T19:22:20 IST">
      <class name="Qaclickacademies.RestAssuredApiTest">
        <test-method status="PASS" signature="bad()[pri:0, instance:Qaclickacademies.RestAssuredApiTest@5ec0a365]" name="bad" duration-ms="0" started-at="2020-03-02T19:22:20 IST" finished-at="2020-03-02T19:22:20 IST">
          <reporter-output>
          </reporter-output>
        </test-method> <!-- bad -->
        <test-method status="PASS" signature="good()[pri:0, instance:Qaclickacademies.RestAssuredApiTest@5ec0a365]" name="good" duration-ms="0" started-at="2020-03-02T19:22:20 IST" finished-at="2020-03-02T19:22:20 IST">
          <reporter-output>
          </reporter-output>
        </test-method> <!-- good -->
      </class> <!-- Qaclickacademies.RestAssuredApiTest -->
      <class name="Qaclickacademies.SeleniumTest">
        <test-method status="PASS" signature="bye()[pri:0, instance:Qaclickacademies.SeleniumTest@78c03f1f]" name="bye" duration-ms="0" started-at="2020-03-02T19:22:20 IST" finished-at="2020-03-02T19:22:20 IST">
          <reporter-output>
          </reporter-output>
        </test-method> <!-- bye -->
        <test-method status="PASS" signature="hello()[pri:0, instance:Qaclickacademies.SeleniumTest@78c03f1f]" name="hello" duration-ms="0" started-at="2020-03-02T19:22:20 IST" finished-at="2020-03-02T19:22:20 IST">
          <reporter-output>
          </reporter-output>
        </test-method> <!-- hello -->
      </class> <!-- Qaclickacademies.SeleniumTest -->
    </test> <!-- Test -->
  </suite> <!-- Suite -->
</testng-results>
